<?xml version="1.0" encoding="UTF-8"?>
<!-- Generated by org.testng.reporters.JUnitXMLReporter -->
<testsuite hostname="ucreate8-All-Series" ignored="0" name="testWithValidDetails" tests="16" failures="0" timestamp="21 May 2019 06:41:57 GMT" time="46.933" errors="0">
  <testcase name="testCreateAccountWithoutDetails" time="23.541" classname="autobrainTests.testCreateAccount"/>
  <testcase name="testWithFirstNameOnly" time="0.264" classname="autobrainTests.testCreateAccount"/>
  <testcase name="testwithLastNameOnly" time="0.301" classname="autobrainTests.testCreateAccount"/>
  <testcase name="testWithEmailOnly" time="1.195" classname="autobrainTests.testCreateAccount"/>
  <testcase name="testWithPasswordOnly" time="0.289" classname="autobrainTests.testCreateAccount"/>
  <testcase name="testWithconfirmPasswordOnly" time="0.241" classname="autobrainTests.testCreateAccount"/>
  <testcase name="testWithInvalidEmail" time="0.433" classname="autobrainTests.testCreateAccount"/>
  <testcase name="testWithInvalidPhone" time="2.69" classname="autobrainTests.testCreateAccount"/>
  <testcase name="testWithDifPassAResetPass" time="0.694" classname="autobrainTests.testCreateAccount"/>
  <testcase name="testWithoutFname" time="2.522" classname="autobrainTests.testCreateAccount"/>
  <testcase name="testWithoutLname" time="3.34" classname="autobrainTests.testCreateAccount"/>
  <testcase name="testWithoutEmail" time="1.737" classname="autobrainTests.testCreateAccount"/>
  <testcase name="testWithoutPhone" time="0.646" classname="autobrainTests.testCreateAccount"/>
  <testcase name="testWithoutPassword" time="3.701" classname="autobrainTests.testCreateAccount"/>
  <testcase name="testWithoutConfirmPassword" time="2.789" classname="autobrainTests.testCreateAccount"/>
  <testcase name="testWithAlreadyExistEmail" time="2.502" classname="autobrainTests.testCreateAccount"/>
</testsuite> <!-- testWithValidDetails -->
